{"/home/blajban/dev/jsramverk/train-controller/backend/app.js": {"path":"/home/blajban/dev/jsramverk/train-controller/backend/app.js","statementMap":{"0":{"start":{"line":1,"column":0},"end":{"line":1,"column":26}},"1":{"start":{"line":3,"column":16},"end":{"line":3,"column":34}},"2":{"start":{"line":4,"column":13},"end":{"line":4,"column":28}},"3":{"start":{"line":5,"column":15},"end":{"line":5,"column":32}},"4":{"start":{"line":6,"column":19},"end":{"line":6,"column":41}},"5":{"start":{"line":8,"column":28},"end":{"line":8,"column":57}},"6":{"start":{"line":9,"column":16},"end":{"line":9,"column":46}},"7":{"start":{"line":10,"column":16},"end":{"line":10,"column":46}},"8":{"start":{"line":11,"column":14},"end":{"line":11,"column":42}},"9":{"start":{"line":13,"column":12},"end":{"line":13,"column":21}},"10":{"start":{"line":14,"column":19},"end":{"line":14,"column":52}},"11":{"start":{"line":16,"column":0},"end":{"line":16,"column":16}},"12":{"start":{"line":17,"column":0},"end":{"line":17,"column":25}},"13":{"start":{"line":19,"column":0},"end":{"line":19,"column":28}},"14":{"start":{"line":21,"column":0},"end":{"line":21,"column":27}},"15":{"start":{"line":22,"column":0},"end":{"line":22,"column":51}},"16":{"start":{"line":24,"column":11},"end":{"line":29,"column":2}},"17":{"start":{"line":31,"column":13},"end":{"line":31,"column":17}},"18":{"start":{"line":33,"column":0},"end":{"line":37,"column":2}},"19":{"start":{"line":34,"column":2},"end":{"line":36,"column":4}},"20":{"start":{"line":39,"column":0},"end":{"line":39,"column":29}},"21":{"start":{"line":40,"column":0},"end":{"line":40,"column":29}},"22":{"start":{"line":41,"column":0},"end":{"line":41,"column":25}},"23":{"start":{"line":43,"column":0},"end":{"line":45,"column":2}},"24":{"start":{"line":44,"column":2},"end":{"line":44,"column":54}},"25":{"start":{"line":47,"column":0},"end":{"line":47,"column":24}}},"fnMap":{"0":{"name":"(anonymous_0)","decl":{"start":{"line":33,"column":13},"end":{"line":33,"column":14}},"loc":{"start":{"line":33,"column":27},"end":{"line":37,"column":1}},"line":33},"1":{"name":"(anonymous_1)","decl":{"start":{"line":43,"column":24},"end":{"line":43,"column":25}},"loc":{"start":{"line":43,"column":30},"end":{"line":45,"column":1}},"line":43}},"branchMap":{},"s":{"0":0,"1":0,"2":0,"3":0,"4":0,"5":0,"6":0,"7":0,"8":0,"9":0,"10":0,"11":0,"12":0,"13":0,"14":0,"15":0,"16":0,"17":0,"18":0,"19":0,"20":0,"21":0,"22":0,"23":0,"24":0,"25":0},"f":{"0":0,"1":0},"b":{}}
,"/home/blajban/dev/jsramverk/train-controller/backend/db/database.js": {"path":"/home/blajban/dev/jsramverk/train-controller/backend/db/database.js","statementMap":{"0":{"start":{"line":1,"column":16},"end":{"line":1,"column":44}},"1":{"start":{"line":2,"column":17},"end":{"line":2,"column":34}},"2":{"start":{"line":4,"column":17},"end":{"line":17,"column":1}},"3":{"start":{"line":6,"column":25},"end":{"line":6,"column":45}},"4":{"start":{"line":8,"column":8},"end":{"line":10,"column":9}},"5":{"start":{"line":9,"column":12},"end":{"line":9,"column":44}},"6":{"start":{"line":12,"column":8},"end":{"line":15,"column":11}},"7":{"start":{"line":19,"column":0},"end":{"line":19,"column":26}}},"fnMap":{"0":{"name":"openDb","decl":{"start":{"line":5,"column":27},"end":{"line":5,"column":33}},"loc":{"start":{"line":5,"column":36},"end":{"line":16,"column":5}},"line":5}},"branchMap":{"0":{"loc":{"start":{"line":8,"column":8},"end":{"line":10,"column":9}},"type":"if","locations":[{"start":{"line":8,"column":8},"end":{"line":10,"column":9}},{"start":{},"end":{}}],"line":8}},"s":{"0":1,"1":1,"2":1,"3":0,"4":0,"5":0,"6":0,"7":1},"f":{"0":0},"b":{"0":[0,0]},"_coverageSchema":"1a1c01bbd47fc00a2c39e90264f33305004495a9","hash":"2139d7116107730d9f16c15adfc6096f618c6557"}
,"/home/blajban/dev/jsramverk/train-controller/backend/models/codes.js": {"path":"/home/blajban/dev/jsramverk/train-controller/backend/models/codes.js","statementMap":{"0":{"start":{"line":1,"column":14},"end":{"line":1,"column":35}},"1":{"start":{"line":2,"column":17},"end":{"line":2,"column":45}},"2":{"start":{"line":4,"column":14},"end":{"line":35,"column":1}},"3":{"start":{"line":6,"column":22},"end":{"line":14,"column":23}},"4":{"start":{"line":16,"column":8},"end":{"line":33,"column":9}},"5":{"start":{"line":17,"column":29},"end":{"line":23,"column":13}},"6":{"start":{"line":25,"column":27},"end":{"line":25,"column":48}},"7":{"start":{"line":27,"column":12},"end":{"line":29,"column":15}},"8":{"start":{"line":32,"column":12},"end":{"line":32,"column":69}},"9":{"start":{"line":38,"column":0},"end":{"line":38,"column":23}}},"fnMap":{"0":{"name":"getCodes","decl":{"start":{"line":5,"column":29},"end":{"line":5,"column":37}},"loc":{"start":{"line":5,"column":48},"end":{"line":34,"column":5}},"line":5}},"branchMap":{},"s":{"0":1,"1":1,"2":1,"3":1,"4":1,"5":1,"6":1,"7":1,"8":0,"9":1},"f":{"0":1},"b":{},"_coverageSchema":"1a1c01bbd47fc00a2c39e90264f33305004495a9","hash":"f828538ef303404d22559029d32049db1f25f677"}
,"/home/blajban/dev/jsramverk/train-controller/backend/models/delayed.js": {"path":"/home/blajban/dev/jsramverk/train-controller/backend/models/delayed.js","statementMap":{"0":{"start":{"line":1,"column":14},"end":{"line":1,"column":35}},"1":{"start":{"line":3,"column":16},"end":{"line":48,"column":1}},"2":{"start":{"line":5,"column":22},"end":{"line":31,"column":23}},"3":{"start":{"line":34,"column":29},"end":{"line":46,"column":14}},"4":{"start":{"line":41,"column":16},"end":{"line":41,"column":38}},"5":{"start":{"line":43,"column":16},"end":{"line":45,"column":19}},"6":{"start":{"line":50,"column":0},"end":{"line":50,"column":25}}},"fnMap":{"0":{"name":"getDelayedTrains","decl":{"start":{"line":4,"column":31},"end":{"line":4,"column":47}},"loc":{"start":{"line":4,"column":58},"end":{"line":47,"column":5}},"line":4},"1":{"name":"(anonymous_1)","decl":{"start":{"line":40,"column":19},"end":{"line":40,"column":20}},"loc":{"start":{"line":40,"column":38},"end":{"line":42,"column":13}},"line":40},"2":{"name":"(anonymous_2)","decl":{"start":{"line":42,"column":20},"end":{"line":42,"column":21}},"loc":{"start":{"line":42,"column":37},"end":{"line":46,"column":13}},"line":42}},"branchMap":{},"s":{"0":0,"1":0,"2":0,"3":0,"4":0,"5":0,"6":0},"f":{"0":0,"1":0,"2":0},"b":{}}
,"/home/blajban/dev/jsramverk/train-controller/backend/models/tickets.js": {"path":"/home/blajban/dev/jsramverk/train-controller/backend/models/tickets.js","statementMap":{"0":{"start":{"line":1,"column":17},"end":{"line":1,"column":45}},"1":{"start":{"line":3,"column":16},"end":{"line":37,"column":1}},"2":{"start":{"line":5,"column":17},"end":{"line":5,"column":40}},"3":{"start":{"line":7,"column":25},"end":{"line":7,"column":95}},"4":{"start":{"line":9,"column":8},"end":{"line":9,"column":25}},"5":{"start":{"line":11,"column":8},"end":{"line":13,"column":11}},"6":{"start":{"line":17,"column":17},"end":{"line":17,"column":40}},"7":{"start":{"line":19,"column":23},"end":{"line":24,"column":9}},"8":{"start":{"line":26,"column":8},"end":{"line":26,"column":25}},"9":{"start":{"line":28,"column":8},"end":{"line":35,"column":11}},"10":{"start":{"line":39,"column":0},"end":{"line":39,"column":25}}},"fnMap":{"0":{"name":"getTickets","decl":{"start":{"line":4,"column":31},"end":{"line":4,"column":41}},"loc":{"start":{"line":4,"column":51},"end":{"line":14,"column":5}},"line":4},"1":{"name":"createTicket","decl":{"start":{"line":16,"column":33},"end":{"line":16,"column":45}},"loc":{"start":{"line":16,"column":55},"end":{"line":36,"column":5}},"line":16}},"branchMap":{},"s":{"0":0,"1":0,"2":0,"3":0,"4":0,"5":0,"6":0,"7":0,"8":0,"9":0,"10":0},"f":{"0":0,"1":0},"b":{}}
,"/home/blajban/dev/jsramverk/train-controller/backend/models/trains.js": {"path":"/home/blajban/dev/jsramverk/train-controller/backend/models/trains.js","statementMap":{"0":{"start":{"line":1,"column":14},"end":{"line":1,"column":35}},"1":{"start":{"line":2,"column":20},"end":{"line":2,"column":42}},"2":{"start":{"line":7,"column":18},"end":{"line":10,"column":11}},"3":{"start":{"line":12,"column":27},"end":{"line":12,"column":29}},"4":{"start":{"line":14,"column":21},"end":{"line":20,"column":5}},"5":{"start":{"line":21,"column":19},"end":{"line":21,"column":40}},"6":{"start":{"line":22,"column":19},"end":{"line":22,"column":56}},"7":{"start":{"line":24,"column":24},"end":{"line":24,"column":47}},"8":{"start":{"line":26,"column":4},"end":{"line":28,"column":5}},"9":{"start":{"line":27,"column":8},"end":{"line":27,"column":51}},"10":{"start":{"line":30,"column":4},"end":{"line":66,"column":6}},"11":{"start":{"line":31,"column":8},"end":{"line":31,"column":39}},"12":{"start":{"line":33,"column":8},"end":{"line":65,"column":9}},"13":{"start":{"line":34,"column":12},"end":{"line":62,"column":13}},"14":{"start":{"line":35,"column":35},"end":{"line":35,"column":53}},"15":{"start":{"line":37,"column":16},"end":{"line":59,"column":17}},"16":{"start":{"line":38,"column":44},"end":{"line":38,"column":90}},"17":{"start":{"line":41,"column":40},"end":{"line":41,"column":59}},"18":{"start":{"line":43,"column":37},"end":{"line":43,"column":120}},"19":{"start":{"line":43,"column":95},"end":{"line":43,"column":108}},"20":{"start":{"line":45,"column":40},"end":{"line":52,"column":21}},"21":{"start":{"line":54,"column":20},"end":{"line":56,"column":21}},"22":{"start":{"line":55,"column":24},"end":{"line":55,"column":60}},"23":{"start":{"line":58,"column":20},"end":{"line":58,"column":94}},"24":{"start":{"line":61,"column":16},"end":{"line":61,"column":30}},"25":{"start":{"line":64,"column":12},"end":{"line":64,"column":18}},"26":{"start":{"line":70,"column":4},"end":{"line":72,"column":5}},"27":{"start":{"line":71,"column":8},"end":{"line":71,"column":42}},"28":{"start":{"line":75,"column":0},"end":{"line":75,"column":37}}},"fnMap":{"0":{"name":"fetchTrainPositions","decl":{"start":{"line":4,"column":15},"end":{"line":4,"column":34}},"loc":{"start":{"line":4,"column":39},"end":{"line":73,"column":1}},"line":4},"1":{"name":"(anonymous_1)","decl":{"start":{"line":26,"column":25},"end":{"line":26,"column":26}},"loc":{"start":{"line":26,"column":36},"end":{"line":28,"column":5}},"line":26},"2":{"name":"(anonymous_2)","decl":{"start":{"line":30,"column":24},"end":{"line":30,"column":25}},"loc":{"start":{"line":30,"column":36},"end":{"line":66,"column":5}},"line":30},"3":{"name":"(anonymous_3)","decl":{"start":{"line":33,"column":32},"end":{"line":33,"column":33}},"loc":{"start":{"line":33,"column":45},"end":{"line":65,"column":9}},"line":33},"4":{"name":"(anonymous_4)","decl":{"start":{"line":43,"column":92},"end":{"line":43,"column":93}},"loc":{"start":{"line":43,"column":95},"end":{"line":43,"column":108}},"line":43},"5":{"name":"(anonymous_5)","decl":{"start":{"line":70,"column":26},"end":{"line":70,"column":27}},"loc":{"start":{"line":70,"column":38},"end":{"line":72,"column":5}},"line":70}},"branchMap":{"0":{"loc":{"start":{"line":37,"column":16},"end":{"line":59,"column":17}},"type":"if","locations":[{"start":{"line":37,"column":16},"end":{"line":59,"column":17}},{"start":{},"end":{}}],"line":37},"1":{"loc":{"start":{"line":54,"column":20},"end":{"line":56,"column":21}},"type":"if","locations":[{"start":{"line":54,"column":20},"end":{"line":56,"column":21}},{"start":{},"end":{}}],"line":54}},"s":{"0":0,"1":0,"2":0,"3":0,"4":0,"5":0,"6":0,"7":0,"8":0,"9":0,"10":0,"11":0,"12":0,"13":0,"14":0,"15":0,"16":0,"17":0,"18":0,"19":0,"20":0,"21":0,"22":0,"23":0,"24":0,"25":0,"26":0,"27":0,"28":0},"f":{"0":0,"1":0,"2":0,"3":0,"4":0,"5":0},"b":{"0":[0,0],"1":[0,0]}}
,"/home/blajban/dev/jsramverk/train-controller/backend/models/utils.js": {"path":"/home/blajban/dev/jsramverk/train-controller/backend/models/utils.js","statementMap":{"0":{"start":{"line":1,"column":17},"end":{"line":1,"column":45}},"1":{"start":{"line":3,"column":15},"end":{"line":19,"column":1}},"2":{"start":{"line":7,"column":8},"end":{"line":17,"column":9}},"3":{"start":{"line":8,"column":12},"end":{"line":8,"column":48}},"4":{"start":{"line":11,"column":12},"end":{"line":14,"column":14}},"5":{"start":{"line":16,"column":12},"end":{"line":16,"column":29}},"6":{"start":{"line":21,"column":0},"end":{"line":21,"column":24}}},"fnMap":{"0":{"name":"fetchAllDelayedTrains","decl":{"start":{"line":4,"column":42},"end":{"line":4,"column":63}},"loc":{"start":{"line":4,"column":66},"end":{"line":18,"column":5}},"line":4}},"branchMap":{},"s":{"0":0,"1":0,"2":0,"3":0,"4":0,"5":0,"6":0},"f":{"0":0},"b":{}}
,"/home/blajban/dev/jsramverk/train-controller/backend/routes/codes.js": {"path":"/home/blajban/dev/jsramverk/train-controller/backend/routes/codes.js","statementMap":{"0":{"start":{"line":1,"column":16},"end":{"line":1,"column":34}},"1":{"start":{"line":2,"column":15},"end":{"line":2,"column":31}},"2":{"start":{"line":4,"column":14},"end":{"line":4,"column":43}},"3":{"start":{"line":6,"column":0},"end":{"line":6,"column":56}},"4":{"start":{"line":6,"column":30},"end":{"line":6,"column":54}},"5":{"start":{"line":8,"column":0},"end":{"line":8,"column":24}}},"fnMap":{"0":{"name":"(anonymous_0)","decl":{"start":{"line":6,"column":16},"end":{"line":6,"column":17}},"loc":{"start":{"line":6,"column":30},"end":{"line":6,"column":54}},"line":6}},"branchMap":{},"s":{"0":0,"1":0,"2":0,"3":0,"4":0,"5":0},"f":{"0":0},"b":{}}
,"/home/blajban/dev/jsramverk/train-controller/backend/routes/delayed.js": {"path":"/home/blajban/dev/jsramverk/train-controller/backend/routes/delayed.js","statementMap":{"0":{"start":{"line":1,"column":16},"end":{"line":1,"column":34}},"1":{"start":{"line":2,"column":15},"end":{"line":2,"column":31}},"2":{"start":{"line":4,"column":16},"end":{"line":4,"column":47}},"3":{"start":{"line":6,"column":0},"end":{"line":6,"column":66}},"4":{"start":{"line":6,"column":30},"end":{"line":6,"column":64}},"5":{"start":{"line":8,"column":0},"end":{"line":8,"column":24}}},"fnMap":{"0":{"name":"(anonymous_0)","decl":{"start":{"line":6,"column":16},"end":{"line":6,"column":17}},"loc":{"start":{"line":6,"column":30},"end":{"line":6,"column":64}},"line":6}},"branchMap":{},"s":{"0":0,"1":0,"2":0,"3":0,"4":0,"5":0},"f":{"0":0},"b":{}}
,"/home/blajban/dev/jsramverk/train-controller/backend/routes/tickets.js": {"path":"/home/blajban/dev/jsramverk/train-controller/backend/routes/tickets.js","statementMap":{"0":{"start":{"line":1,"column":16},"end":{"line":1,"column":34}},"1":{"start":{"line":2,"column":15},"end":{"line":2,"column":31}},"2":{"start":{"line":4,"column":16},"end":{"line":4,"column":47}},"3":{"start":{"line":6,"column":0},"end":{"line":6,"column":60}},"4":{"start":{"line":6,"column":30},"end":{"line":6,"column":58}},"5":{"start":{"line":8,"column":0},"end":{"line":8,"column":63}},"6":{"start":{"line":8,"column":31},"end":{"line":8,"column":61}},"7":{"start":{"line":10,"column":0},"end":{"line":10,"column":24}}},"fnMap":{"0":{"name":"(anonymous_0)","decl":{"start":{"line":6,"column":16},"end":{"line":6,"column":17}},"loc":{"start":{"line":6,"column":30},"end":{"line":6,"column":58}},"line":6},"1":{"name":"(anonymous_1)","decl":{"start":{"line":8,"column":17},"end":{"line":8,"column":18}},"loc":{"start":{"line":8,"column":31},"end":{"line":8,"column":61}},"line":8}},"branchMap":{},"s":{"0":0,"1":0,"2":0,"3":0,"4":0,"5":0,"6":0,"7":0},"f":{"0":0,"1":0},"b":{}}
}
