TN:
SF:app.js
FN:33,(anonymous_0)
FN:43,(anonymous_1)
FNF:2
FNH:0
FNDA:0,(anonymous_0)
FNDA:0,(anonymous_1)
DA:1,0
DA:3,0
DA:4,0
DA:5,0
DA:6,0
DA:8,0
DA:9,0
DA:10,0
DA:11,0
DA:13,0
DA:14,0
DA:16,0
DA:17,0
DA:19,0
DA:21,0
DA:22,0
DA:24,0
DA:31,0
DA:33,0
DA:34,0
DA:39,0
DA:40,0
DA:41,0
DA:43,0
DA:44,0
DA:47,0
LF:26
LH:0
BRF:0
BRH:0
end_of_record
TN:
SF:db/database.js
FN:5,openDb
FNF:1
FNH:0
FNDA:0,openDb
DA:1,1
DA:2,1
DA:4,1
DA:6,0
DA:8,0
DA:9,0
DA:12,0
DA:19,1
LF:8
LH:4
BRDA:8,0,0,0
BRDA:8,0,1,0
BRF:2
BRH:0
end_of_record
TN:
SF:models/codes.js
FN:5,getCodes
FNF:1
FNH:1
FNDA:1,getCodes
DA:1,1
DA:2,1
DA:4,1
DA:6,1
DA:16,1
DA:17,1
DA:25,1
DA:27,1
DA:32,0
DA:38,1
LF:10
LH:9
BRF:0
BRH:0
end_of_record
TN:
SF:models/delayed.js
FN:4,getDelayedTrains
FNF:1
FNH:0
FNDA:0,getDelayedTrains
DA:1,0
DA:3,0
DA:5,0
DA:33,0
DA:34,0
DA:42,0
DA:44,0
DA:49,0
DA:54,0
LF:9
LH:0
BRF:0
BRH:0
end_of_record
TN:
SF:models/tickets.js
FN:4,getTickets
FN:16,createTicket
FNF:2
FNH:0
FNDA:0,getTickets
FNDA:0,createTicket
DA:1,0
DA:3,0
DA:5,0
DA:7,0
DA:9,0
DA:11,0
DA:17,0
DA:19,0
DA:26,0
DA:28,0
DA:39,0
LF:11
LH:0
BRF:0
BRH:0
end_of_record
TN:
SF:models/trains.js
FN:4,fetchTrainPositions
FN:26,(anonymous_1)
FN:30,(anonymous_2)
FN:33,(anonymous_3)
FN:43,(anonymous_4)
FN:70,(anonymous_5)
FNF:6
FNH:0
FNDA:0,fetchTrainPositions
FNDA:0,(anonymous_1)
FNDA:0,(anonymous_2)
FNDA:0,(anonymous_3)
FNDA:0,(anonymous_4)
FNDA:0,(anonymous_5)
DA:1,0
DA:2,0
DA:7,0
DA:12,0
DA:14,0
DA:21,0
DA:22,0
DA:24,0
DA:26,0
DA:27,0
DA:30,0
DA:31,0
DA:33,0
DA:34,0
DA:35,0
DA:37,0
DA:38,0
DA:41,0
DA:43,0
DA:45,0
DA:54,0
DA:55,0
DA:58,0
DA:61,0
DA:64,0
DA:70,0
DA:71,0
DA:75,0
LF:28
LH:0
BRDA:37,0,0,0
BRDA:37,0,1,0
BRDA:54,1,0,0
BRDA:54,1,1,0
BRF:4
BRH:0
end_of_record
TN:
SF:models/utils.js
FN:4,fetchAllDelayedTrains
FNF:1
FNH:0
FNDA:0,fetchAllDelayedTrains
DA:1,0
DA:3,0
DA:7,0
DA:8,0
DA:11,0
DA:16,0
DA:21,0
LF:7
LH:0
BRF:0
BRH:0
end_of_record
TN:
SF:routes/codes.js
FN:6,(anonymous_0)
FNF:1
FNH:0
FNDA:0,(anonymous_0)
DA:1,0
DA:2,0
DA:4,0
DA:6,0
DA:8,0
LF:5
LH:0
BRF:0
BRH:0
end_of_record
TN:
SF:routes/delayed.js
FN:6,(anonymous_0)
FNF:1
FNH:0
FNDA:0,(anonymous_0)
DA:1,0
DA:2,0
DA:4,0
DA:6,0
DA:8,0
LF:5
LH:0
BRF:0
BRH:0
end_of_record
TN:
SF:routes/tickets.js
FN:6,(anonymous_0)
FN:8,(anonymous_1)
FNF:2
FNH:0
FNDA:0,(anonymous_0)
FNDA:0,(anonymous_1)
DA:1,0
DA:2,0
DA:4,0
DA:6,0
DA:8,0
DA:10,0
LF:6
LH:0
BRF:0
BRH:0
end_of_record
